853  [main] INFO  c.e.p.Practice21Application – Starting Practice21Application using Java 1.8.0_251 on LAPTOP-FID3PILK with PID 10212 (C:\Users\user\Desktop\University\4 term\Java\Practices\Practice21\target\classes started by user in C:\Users\user\Desktop\University\4 term\Java\Practices\Practice21)
860  [main] INFO  c.e.p.Practice21Application – No active profile set, falling back to default profiles: default
1420 [main] INFO  o.s.d.r.c.RepositoryConfigurationDelegate – Bootstrapping Spring Data JPA repositories in DEFAULT mode.
1480 [main] INFO  o.s.d.r.c.RepositoryConfigurationDelegate – Finished Spring Data repository scanning in 56 ms. Found 2 JPA repository interfaces.
2220 [main] INFO  o.s.b.w.e.tomcat.TomcatWebServer – Tomcat initialized with port(s): 8080 (http)
2231 [main] INFO  o.a.coyote.http11.Http11NioProtocol – Initializing ProtocolHandler ["http-nio-8080"]
2231 [main] INFO  o.a.catalina.core.StandardService – Starting service [Tomcat]
2231 [main] INFO  o.a.catalina.core.StandardEngine – Starting Servlet engine: [Apache Tomcat/9.0.43]
2333 [main] INFO  o.a.c.c.C.[Tomcat].[localhost].[/] – Initializing Spring embedded WebApplicationContext
2333 [main] INFO  o.s.b.w.s.c.ServletWebServerApplicationContext – Root WebApplicationContext: initialization completed in 1420 ms
2538 [main] INFO  com.zaxxer.hikari.HikariDataSource – HikariPool-1 - Starting...
2670 [main] INFO  com.zaxxer.hikari.HikariDataSource – HikariPool-1 - Start completed.
2730 [main] INFO  o.h.jpa.internal.util.LogHelper – HHH000204: Processing PersistenceUnitInfo [name: default]
2869 [main] INFO  org.hibernate.Version – HHH000412: Hibernate ORM core version 5.4.28.Final
3050 [main] INFO  o.h.annotations.common.Version – HCANN000001: Hibernate Commons Annotations {5.1.2.Final}
3210 [main] INFO  org.hibernate.dialect.Dialect – HHH000400: Using dialect: org.hibernate.dialect.PostgreSQL10Dialect
3839 [main] INFO  o.h.e.t.j.p.i.JtaPlatformInitiator – HHH000490: Using JtaPlatform implementation: [org.hibernate.engine.transaction.jta.platform.internal.NoJtaPlatform]
3850 [main] INFO  o.s.o.j.LocalContainerEntityManagerFactoryBean – Initialized JPA EntityManagerFactory for persistence unit 'default'
4250 [main] WARN  o.s.b.a.o.j.JpaBaseConfiguration$JpaWebConfiguration – spring.jpa.open-in-view is enabled by default. Therefore, database queries may be performed during view rendering. Explicitly configure spring.jpa.open-in-view to disable this warning
4360 [main] INFO  o.s.s.c.ThreadPoolTaskExecutor – Initializing ExecutorService 'applicationTaskExecutor'
4590 [main] INFO  o.a.coyote.http11.Http11NioProtocol – Starting ProtocolHandler ["http-nio-8080"]
4609 [main] INFO  o.s.b.w.e.tomcat.TomcatWebServer – Tomcat started on port(s): 8080 (http) with context path ''
4620 [main] INFO  c.e.p.Practice21Application – Started Practice21Application in 4.303 seconds (JVM running for 5.276)
