850  [main] INFO  c.e.p.Practice19Application – Starting Practice19Application using Java 1.8.0_251 on LAPTOP-FID3PILK with PID 24040 (C:\Users\user\Desktop\University\4 term\Java\Practices\Practice19\target\classes started by user in C:\Users\user\Desktop\University\4 term\Java\Practices\Practice19)
870  [main] INFO  c.e.p.Practice19Application – No active profile set, falling back to default profiles: default
1460 [main] INFO  o.s.d.r.c.RepositoryConfigurationDelegate – Bootstrapping Spring Data JPA repositories in DEFAULT mode.
1531 [main] INFO  o.s.d.r.c.RepositoryConfigurationDelegate – Finished Spring Data repository scanning in 62 ms. Found 2 JPA repository interfaces.
2241 [main] INFO  o.s.b.w.e.tomcat.TomcatWebServer – Tomcat initialized with port(s): 8080 (http)
2251 [main] INFO  o.a.coyote.http11.Http11NioProtocol – Initializing ProtocolHandler ["http-nio-8080"]
2252 [main] INFO  o.a.catalina.core.StandardService – Starting service [Tomcat]
2252 [main] INFO  o.a.catalina.core.StandardEngine – Starting Servlet engine: [Apache Tomcat/9.0.43]
2364 [main] INFO  o.a.c.c.C.[Tomcat].[localhost].[/] – Initializing Spring embedded WebApplicationContext
2364 [main] INFO  o.s.b.w.s.c.ServletWebServerApplicationContext – Root WebApplicationContext: initialization completed in 1440 ms
2511 [main] INFO  com.zaxxer.hikari.HikariDataSource – HikariPool-1 - Starting...
2621 [main] INFO  com.zaxxer.hikari.HikariDataSource – HikariPool-1 - Start completed.
2661 [main] INFO  o.h.jpa.internal.util.LogHelper – HHH000204: Processing PersistenceUnitInfo [name: default]
2710 [main] INFO  org.hibernate.Version – HHH000412: Hibernate ORM core version 5.4.28.Final
2900 [main] INFO  o.h.annotations.common.Version – HCANN000001: Hibernate Commons Annotations {5.1.2.Final}
3029 [main] INFO  org.hibernate.dialect.Dialect – HHH000400: Using dialect: org.hibernate.dialect.PostgreSQL10Dialect
3631 [main] INFO  o.h.e.t.j.p.i.JtaPlatformInitiator – HHH000490: Using JtaPlatform implementation: [org.hibernate.engine.transaction.jta.platform.internal.NoJtaPlatform]
3644 [main] INFO  o.s.o.j.LocalContainerEntityManagerFactoryBean – Initialized JPA EntityManagerFactory for persistence unit 'default'
3950 [main] WARN  o.s.b.a.o.j.JpaBaseConfiguration$JpaWebConfiguration – spring.jpa.open-in-view is enabled by default. Therefore, database queries may be performed during view rendering. Explicitly configure spring.jpa.open-in-view to disable this warning
4071 [main] INFO  o.s.s.c.ThreadPoolTaskExecutor – Initializing ExecutorService 'applicationTaskExecutor'
4300 [main] INFO  o.a.coyote.http11.Http11NioProtocol – Starting ProtocolHandler ["http-nio-8080"]
4320 [main] INFO  o.s.b.w.e.tomcat.TomcatWebServer – Tomcat started on port(s): 8080 (http) with context path ''
4331 [main] INFO  c.e.p.Practice19Application – Started Practice19Application in 4.022 seconds (JVM running for 5.128)
