880  [main] INFO  c.e.p.Practice20Application – Starting Practice20Application using Java 1.8.0_251 on LAPTOP-FID3PILK with PID 23216 (C:\Users\user\Desktop\University\4 term\Java\Practices\Practice20\target\classes started by user in C:\Users\user\Desktop\University\4 term\Java\Practices\Practice20)
894  [main] INFO  c.e.p.Practice20Application – No active profile set, falling back to default profiles: default
1662 [main] INFO  o.s.d.r.c.RepositoryConfigurationDelegate – Bootstrapping Spring Data JPA repositories in DEFAULT mode.
1773 [main] INFO  o.s.d.r.c.RepositoryConfigurationDelegate – Finished Spring Data repository scanning in 94 ms. Found 2 JPA repository interfaces.
2666 [main] INFO  o.s.b.w.e.tomcat.TomcatWebServer – Tomcat initialized with port(s): 8080 (http)
2675 [main] INFO  o.a.coyote.http11.Http11NioProtocol – Initializing ProtocolHandler ["http-nio-8080"]
2676 [main] INFO  o.a.catalina.core.StandardService – Starting service [Tomcat]
2676 [main] INFO  o.a.catalina.core.StandardEngine – Starting Servlet engine: [Apache Tomcat/9.0.43]
2781 [main] INFO  o.a.c.c.C.[Tomcat].[localhost].[/] – Initializing Spring embedded WebApplicationContext
2781 [main] INFO  o.s.b.w.s.c.ServletWebServerApplicationContext – Root WebApplicationContext: initialization completed in 1830 ms
2964 [main] INFO  com.zaxxer.hikari.HikariDataSource – HikariPool-1 - Starting...
3180 [main] INFO  com.zaxxer.hikari.HikariDataSource – HikariPool-1 - Start completed.
3230 [main] INFO  o.h.jpa.internal.util.LogHelper – HHH000204: Processing PersistenceUnitInfo [name: default]
3363 [main] INFO  org.hibernate.Version – HHH000412: Hibernate ORM core version 5.4.28.Final
3589 [main] INFO  o.h.annotations.common.Version – HCANN000001: Hibernate Commons Annotations {5.1.2.Final}
3790 [main] INFO  org.hibernate.dialect.Dialect – HHH000400: Using dialect: org.hibernate.dialect.PostgreSQL10Dialect
4463 [main] INFO  o.h.e.t.j.p.i.JtaPlatformInitiator – HHH000490: Using JtaPlatform implementation: [org.hibernate.engine.transaction.jta.platform.internal.NoJtaPlatform]
4470 [main] INFO  o.s.o.j.LocalContainerEntityManagerFactoryBean – Initialized JPA EntityManagerFactory for persistence unit 'default'
4870 [main] WARN  o.s.b.a.o.j.JpaBaseConfiguration$JpaWebConfiguration – spring.jpa.open-in-view is enabled by default. Therefore, database queries may be performed during view rendering. Explicitly configure spring.jpa.open-in-view to disable this warning
5013 [main] INFO  o.s.s.c.ThreadPoolTaskExecutor – Initializing ExecutorService 'applicationTaskExecutor'
5300 [main] INFO  o.a.coyote.http11.Http11NioProtocol – Starting ProtocolHandler ["http-nio-8080"]
5320 [main] INFO  o.s.b.w.e.tomcat.TomcatWebServer – Tomcat started on port(s): 8080 (http) with context path ''
5334 [main] INFO  c.e.p.Practice20Application – Started Practice20Application in 4.991 seconds (JVM running for 6.078)
